Using pre-set license
Built from '2020.2/release' branch; Version is '2020.2.0f1 (3721df5a8b28) revision 3613151'; Using compiler version '192528614'; Build Type 'Release'
OS: 'Windows 10  (10.0.0) 64bit' Language: 'en' Physical Memory: 32697 MB
BatchMode: 1, IsHumanControllingUs: 0, StartBugReporterOnCrash: 0, Is64bit: 1, IsPro: 0

 COMMAND LINE ARGUMENTS:
H:\Unity\2020.2.0f1\Editor\Unity.exe
-adb2
-batchMode
-noUpm
-name
AssetImportWorker0
-projectPath
F:/GITS/CCTP---18022609
-logFile
Logs/AssetImportWorker0.log
-srvPort
56252
Successfully changed project path to: F:/GITS/CCTP---18022609
F:/GITS/CCTP---18022609
Using Asset Import Pipeline V2.
Refreshing native plugins compatible for Editor in 23.22 ms, found 0 plugins.
Preloading 0 native plugins for Editor in 0.00 ms.
Initialize engine version: 2020.2.0f1 (3721df5a8b28)
[Subsystems] Discovering subsystems at path H:/Unity/2020.2.0f1/Editor/Data/Resources/UnitySubsystems
[Subsystems] Discovering subsystems at path F:/GITS/CCTP---18022609/Assets
GfxDevice: creating device client; threaded=0
Direct3D:
    Version:  Direct3D 11.0 [level 11.1]
    Renderer: NVIDIA GeForce RTX 2060 SUPER (ID=0x1f06)
    Vendor:   
    VRAM:     8031 MB
    Driver:   27.21.14.6172
Initialize mono
Mono path[0] = 'H:/Unity/2020.2.0f1/Editor/Data/Managed'
Mono path[1] = 'H:/Unity/2020.2.0f1/Editor/Data/MonoBleedingEdge/lib/mono/unityjit'
Mono config path = 'H:/Unity/2020.2.0f1/Editor/Data/MonoBleedingEdge/etc'
Using monoOptions --debugger-agent=transport=dt_socket,embedding=1,server=y,suspend=n,address=127.0.0.1:56444
Begin MonoManager ReloadAssembly
Registering precompiled unity dll's ...
Register platform support module: H:/Unity/2020.2.0f1/Editor/Data/PlaybackEngines/WindowsStandaloneSupport/UnityEditor.WindowsStandalone.Extensions.dll
Registered in 0.000641 seconds.
Native extension for WindowsStandalone target not found
Refreshing native plugins compatible for Editor in 23.33 ms, found 0 plugins.
Preloading 0 native plugins for Editor in 0.00 ms.
Invoked RoslynAnalysisRunner static constructor.
RoslynAnalysisRunner will not be running.
RoslynAnalysisRunner has terminated.
Mono: successfully reloaded assembly
- Completed reload, in  1.004 seconds
Platform modules already initialized, skipping
Registering precompiled user dll's ...
Registered in 0.000336 seconds.
Begin MonoManager ReloadAssembly
Native extension for WindowsStandalone target not found
Refreshing native plugins compatible for Editor in 0.24 ms, found 0 plugins.
Preloading 0 native plugins for Editor in 0.00 ms.
Invoked RoslynAnalysisRunner static constructor.
RoslynAnalysisRunner will not be running.
RoslynAnalysisRunner has terminated.
Mono: successfully reloaded assembly
- Completed reload, in  0.632 seconds
Platform modules already initialized, skipping
========================================================================
Worker process is ready to serve import requests
Launched and connected shader compiler UnityShaderCompiler.exe after 0.03 seconds
Refreshing native plugins compatible for Editor in 0.23 ms, found 0 plugins.
Preloading 0 native plugins for Editor in 0.00 ms.
Unloading 1400 Unused Serialized files (Serialized files now loaded: 0)
System memory in use before: 72.7 MB.
System memory in use after: 72.7 MB.

Unloading 9 unused Assets to reduce memory usage. Loaded Objects now: 1843.
Total: 1.682700 ms (FindLiveObjects: 0.155200 ms CreateObjectMapping: 0.030800 ms MarkObjects: 1.448300 ms  DeleteObjects: 0.047500 ms)

========================================================================
Received Import Request.
  path: Assets/Icons/download.png
  artifactKey: Guid(0b53e2009af78f3478e53cbf19ee7c8f) Importer(815301076,1909f56bfc062723c751e8b465ee728b)
Start importing Assets/Icons/download.png using Guid(0b53e2009af78f3478e53cbf19ee7c8f) Importer(815301076,1909f56bfc062723c751e8b465ee728b)  -> (artifact id: '93d52e6bcd2b0700ca1a442793829adf') in 0.061665 seconds
  Import took 0.063585 seconds .

========================================================================
Received Import Request.
  Time since last request: 66.493799 seconds.
  path: Assets/Icons/Square.png
  artifactKey: Guid(8f133fc8cfaad7c49b78ccb418bda5cd) Importer(815301076,1909f56bfc062723c751e8b465ee728b)
Start importing Assets/Icons/Square.png using Guid(8f133fc8cfaad7c49b78ccb418bda5cd) Importer(815301076,1909f56bfc062723c751e8b465ee728b)  -> (artifact id: 'da2a0506d61618fd0877625e79977e8e') in 0.036380 seconds
  Import took 0.038444 seconds .

========================================================================
Received Import Request.
  Time since last request: 17.831681 seconds.
  path: Assets/Icons/Sprite Shape Profile.asset
  artifactKey: Guid(c074bca5ecb41c1458bb63255e0b5596) Importer(815301076,1909f56bfc062723c751e8b465ee728b)
Start importing Assets/Icons/Sprite Shape Profile.asset using Guid(c074bca5ecb41c1458bb63255e0b5596) Importer(815301076,1909f56bfc062723c751e8b465ee728b)  -> (artifact id: '500a513a3013eb376fde89c6e35becd0') in 0.008748 seconds
  Import took 0.010843 seconds .

========================================================================
Received Import Request.
  Time since last request: 0.061998 seconds.
  path: Assets/Icons/Sprite Shape Profile.asset
  artifactKey: Guid(c074bca5ecb41c1458bb63255e0b5596) Importer(815301076,1909f56bfc062723c751e8b465ee728b)
Start importing Assets/Icons/Sprite Shape Profile.asset using Guid(c074bca5ecb41c1458bb63255e0b5596) Importer(815301076,1909f56bfc062723c751e8b465ee728b)  -> (artifact id: '500a513a3013eb376fde89c6e35becd0') in 0.002484 seconds
  Import took 0.004644 seconds .

========================================================================
Received Import Request.
  Time since last request: 59.974622 seconds.
  path: Assets/Models/house_type03.obj
  artifactKey: Guid(3e4742f08ce19864184e156bf9f0a68f) Importer(815301076,1909f56bfc062723c751e8b465ee728b)
Start importing Assets/Models/house_type03.obj using Guid(3e4742f08ce19864184e156bf9f0a68f) Importer(815301076,1909f56bfc062723c751e8b465ee728b)  -> (artifact id: 'e1fe57cfc6b53364cb326c0aefd62c61') in 0.070805 seconds
  Import took 0.072995 seconds .

========================================================================
Received Import Request.
  Time since last request: 0.858483 seconds.
  path: Assets/Models/house_type04.obj
  artifactKey: Guid(e002b39b11ac21d41a14487832f31b6a) Importer(815301076,1909f56bfc062723c751e8b465ee728b)
Start importing Assets/Models/house_type04.obj using Guid(e002b39b11ac21d41a14487832f31b6a) Importer(815301076,1909f56bfc062723c751e8b465ee728b)  -> (artifact id: '546734d66939d64adfdb30d04b17ada5') in 0.019461 seconds
  Import took 0.035109 seconds .

========================================================================
Received Import Request.
  Time since last request: 8.052374 seconds.
  path: Assets/Models/house_type19.obj
  artifactKey: Guid(d8def83de0f58c0429f88825d184780c) Importer(815301076,1909f56bfc062723c751e8b465ee728b)
Start importing Assets/Models/house_type19.obj using Guid(d8def83de0f58c0429f88825d184780c) Importer(815301076,1909f56bfc062723c751e8b465ee728b)  -> (artifact id: '4e3ea61210393163ea2065ed6b2ec322') in 0.018173 seconds
  Import took 0.020485 seconds .

========================================================================
Received Import Request.
  Time since last request: 1.632246 seconds.
  path: Assets/Models/house_type17.obj
  artifactKey: Guid(b7ea16db004504b4ebc7c4d7137e1575) Importer(815301076,1909f56bfc062723c751e8b465ee728b)
Start importing Assets/Models/house_type17.obj using Guid(b7ea16db004504b4ebc7c4d7137e1575) Importer(815301076,1909f56bfc062723c751e8b465ee728b)  -> (artifact id: 'f4e387bbaf62da2d13798eeb8a88b534') in 0.019051 seconds
  Import took 0.021260 seconds .

========================================================================
Received Import Request.
  Time since last request: 2.802290 seconds.
  path: Assets/Models/house_type06.obj
  artifactKey: Guid(4f536ea0568204644962e8b249c68eb6) Importer(815301076,1909f56bfc062723c751e8b465ee728b)
Start importing Assets/Models/house_type06.obj using Guid(4f536ea0568204644962e8b249c68eb6) Importer(815301076,1909f56bfc062723c751e8b465ee728b)  -> (artifact id: '2df16fce5ea00a152480c8e2c6130f69') in 0.021128 seconds
  Import took 0.023267 seconds .

========================================================================
Received Import Request.
  Time since last request: 17.921319 seconds.
  path: Assets/Models/house_type12.obj
  artifactKey: Guid(06a77de44a1c9be4fa728c3c9c8ce067) Importer(815301076,1909f56bfc062723c751e8b465ee728b)
Start importing Assets/Models/house_type12.obj using Guid(06a77de44a1c9be4fa728c3c9c8ce067) Importer(815301076,1909f56bfc062723c751e8b465ee728b)  -> (artifact id: '8f356c2a851bcc285f46b4e0501be4fa') in 0.021717 seconds
  Import took 0.023951 seconds .

========================================================================
Received Prepare
Registering precompiled user dll's ...
Registered in 0.000414 seconds.
Begin MonoManager ReloadAssembly
Native extension for WindowsStandalone target not found
Refreshing native plugins compatible for Editor in 0.26 ms, found 0 plugins.
Preloading 0 native plugins for Editor in 0.00 ms.
Invoked RoslynAnalysisRunner static constructor.
RoslynAnalysisRunner will not be running.
RoslynAnalysisRunner has terminated.
Mono: successfully reloaded assembly
- Completed reload, in  0.590 seconds
Platform modules already initialized, skipping
Refreshing native plugins compatible for Editor in 0.23 ms, found 0 plugins.
Preloading 0 native plugins for Editor in 0.00 ms.
Unloading 1382 Unused Serialized files (Serialized files now loaded: 0)
System memory in use before: 75.4 MB.
System memory in use after: 75.5 MB.

Unloading 4 unused Assets to reduce memory usage. Loaded Objects now: 1890.
Total: 1.452000 ms (FindLiveObjects: 0.148800 ms CreateObjectMapping: 0.027100 ms MarkObjects: 1.262200 ms  DeleteObjects: 0.012900 ms)

========================================================================
Received Import Request.
  Time since last request: 345.687246 seconds.
  path: Assets/Prefabs/Building_HouseMed.prefab
  artifactKey: Guid(96ad136c90a4c324dabf1615330d4e10) Importer(815301076,1909f56bfc062723c751e8b465ee728b)
Start importing Assets/Prefabs/Building_HouseMed.prefab using Guid(96ad136c90a4c324dabf1615330d4e10) Importer(815301076,1909f56bfc062723c751e8b465ee728b)  -> (artifact id: '8adbb8935e915c623769982156a40ef6') in 0.050844 seconds
  Import took 0.053288 seconds .

========================================================================
Received Import Request.
  Time since last request: 54.581202 seconds.
  path: Assets/Models/house_type01.mtl
  artifactKey: Guid(a2343196f138499408ac48c1e4bbb1a4) Importer(815301076,1909f56bfc062723c751e8b465ee728b)
Start importing Assets/Models/house_type01.mtl using Guid(a2343196f138499408ac48c1e4bbb1a4) Importer(815301076,1909f56bfc062723c751e8b465ee728b)  -> (artifact id: '201e8c2bbaea5ea918ba7b71b5b5bd7f') in 0.006340 seconds
  Import took 0.008470 seconds .

========================================================================
Received Import Request.
  Time since last request: 17.093056 seconds.
  path: Assets/Models/house_type01.fbx
  artifactKey: Guid(6ffdcef1c0e1e0146a11fbbae79a6bc6) Importer(815301076,1909f56bfc062723c751e8b465ee728b)
Start importing Assets/Models/house_type01.fbx using Guid(6ffdcef1c0e1e0146a11fbbae79a6bc6) Importer(815301076,1909f56bfc062723c751e8b465ee728b)  -> (artifact id: '9c60b12ff2f75fae831e3296136f3aa9') in 0.047484 seconds
  Import took 0.067068 seconds .

========================================================================
Received Import Request.
  Time since last request: 39.323014 seconds.
  path: Assets/Models/house_type19.fbx
  artifactKey: Guid(9b9fc33203874894f805addf9d505e7a) Importer(815301076,1909f56bfc062723c751e8b465ee728b)
Start importing Assets/Models/house_type19.fbx using Guid(9b9fc33203874894f805addf9d505e7a) Importer(815301076,1909f56bfc062723c751e8b465ee728b)  -> (artifact id: '0dec4ce2be052dd880bc865cd739b0c1') in 0.025284 seconds
  Import took 0.027549 seconds .

========================================================================
Received Import Request.
  Time since last request: 1.220273 seconds.
  path: Assets/Models/house_type06.fbx
  artifactKey: Guid(0da69ab5753c00b4cb707f37bd3ce11b) Importer(815301076,1909f56bfc062723c751e8b465ee728b)
Start importing Assets/Models/house_type06.fbx using Guid(0da69ab5753c00b4cb707f37bd3ce11b) Importer(815301076,1909f56bfc062723c751e8b465ee728b)  -> (artifact id: '9e35aba83f14b0c6b0d4fc8298ac0b58') in 0.024607 seconds
  Import took 0.026734 seconds .

========================================================================
Received Import Request.
  Time since last request: 0.000732 seconds.
  path: Assets/Models/house_type06.fbx
  artifactKey: Guid(0da69ab5753c00b4cb707f37bd3ce11b) Importer(815301076,1909f56bfc062723c751e8b465ee728b)
Start importing Assets/Models/house_type06.fbx using Guid(0da69ab5753c00b4cb707f37bd3ce11b) Importer(815301076,1909f56bfc062723c751e8b465ee728b)  -> (artifact id: '9e35aba83f14b0c6b0d4fc8298ac0b58') in 0.024348 seconds
  Import took 0.026642 seconds .

========================================================================
Received Import Request.
  Time since last request: 40.347310 seconds.
  path: Assets/Prefabs/Building_HouseMed.prefab
  artifactKey: Guid(96ad136c90a4c324dabf1615330d4e10) Importer(815301076,1909f56bfc062723c751e8b465ee728b)
Start importing Assets/Prefabs/Building_HouseMed.prefab using Guid(96ad136c90a4c324dabf1615330d4e10) Importer(815301076,1909f56bfc062723c751e8b465ee728b)  -> (artifact id: '13c561b86b1b808ddcaceb3c12fd04a4') in 0.002930 seconds
  Import took 0.023614 seconds .

========================================================================
Received Prepare
Registering precompiled user dll's ...
Registered in 0.000449 seconds.
Begin MonoManager ReloadAssembly
Native extension for WindowsStandalone target not found
Refreshing native plugins compatible for Editor in 0.24 ms, found 0 plugins.
Preloading 0 native plugins for Editor in 0.00 ms.
Invoked RoslynAnalysisRunner static constructor.
RoslynAnalysisRunner will not be running.
RoslynAnalysisRunner has terminated.
Mono: successfully reloaded assembly
- Completed reload, in  0.588 seconds
Platform modules already initialized, skipping
Refreshing native plugins compatible for Editor in 0.24 ms, found 0 plugins.
Preloading 0 native plugins for Editor in 0.00 ms.
Unloading 1382 Unused Serialized files (Serialized files now loaded: 0)
System memory in use before: 75.8 MB.
System memory in use after: 75.9 MB.

Unloading 4 unused Assets to reduce memory usage. Loaded Objects now: 1893.
Total: 1.329800 ms (FindLiveObjects: 0.140800 ms CreateObjectMapping: 0.028300 ms MarkObjects: 1.150800 ms  DeleteObjects: 0.009400 ms)

========================================================================
Received Prepare
Registering precompiled user dll's ...
Registered in 0.000491 seconds.
Begin MonoManager ReloadAssembly
Native extension for WindowsStandalone target not found
Refreshing native plugins compatible for Editor in 0.26 ms, found 0 plugins.
Preloading 0 native plugins for Editor in 0.00 ms.
Invoked RoslynAnalysisRunner static constructor.
RoslynAnalysisRunner will not be running.
RoslynAnalysisRunner has terminated.
Mono: successfully reloaded assembly
- Completed reload, in  0.630 seconds
Platform modules already initialized, skipping
Refreshing native plugins compatible for Editor in 0.24 ms, found 0 plugins.
Preloading 0 native plugins for Editor in 0.00 ms.
Unloading 1382 Unused Serialized files (Serialized files now loaded: 0)
System memory in use before: 75.9 MB.
System memory in use after: 76.0 MB.

Unloading 4 unused Assets to reduce memory usage. Loaded Objects now: 1895.
Total: 1.496800 ms (FindLiveObjects: 0.161200 ms CreateObjectMapping: 0.028700 ms MarkObjects: 1.294900 ms  DeleteObjects: 0.011100 ms)

========================================================================
Received Prepare
Registering precompiled user dll's ...
Registered in 0.000359 seconds.
Begin MonoManager ReloadAssembly
Native extension for WindowsStandalone target not found
Refreshing native plugins compatible for Editor in 0.23 ms, found 0 plugins.
Preloading 0 native plugins for Editor in 0.00 ms.
Invoked RoslynAnalysisRunner static constructor.
RoslynAnalysisRunner will not be running.
RoslynAnalysisRunner has terminated.
Mono: successfully reloaded assembly
- Completed reload, in  0.586 seconds
Platform modules already initialized, skipping
Refreshing native plugins compatible for Editor in 0.23 ms, found 0 plugins.
Preloading 0 native plugins for Editor in 0.00 ms.
Unloading 1382 Unused Serialized files (Serialized files now loaded: 0)
System memory in use before: 76.5 MB.
System memory in use after: 76.6 MB.

Unloading 4 unused Assets to reduce memory usage. Loaded Objects now: 1897.
Total: 1.710900 ms (FindLiveObjects: 0.191800 ms CreateObjectMapping: 0.028900 ms MarkObjects: 1.474800 ms  DeleteObjects: 0.014200 ms)

========================================================================
Received Prepare
Registering precompiled user dll's ...
Registered in 0.000436 seconds.
Begin MonoManager ReloadAssembly
Native extension for WindowsStandalone target not found
Refreshing native plugins compatible for Editor in 0.24 ms, found 0 plugins.
Preloading 0 native plugins for Editor in 0.00 ms.
Invoked RoslynAnalysisRunner static constructor.
RoslynAnalysisRunner will not be running.
RoslynAnalysisRunner has terminated.
Mono: successfully reloaded assembly
- Completed reload, in  0.583 seconds
Platform modules already initialized, skipping
Refreshing native plugins compatible for Editor in 0.23 ms, found 0 plugins.
Preloading 0 native plugins for Editor in 0.00 ms.
Unloading 1382 Unused Serialized files (Serialized files now loaded: 0)
System memory in use before: 76.8 MB.
System memory in use after: 76.9 MB.

Unloading 4 unused Assets to reduce memory usage. Loaded Objects now: 1899.
Total: 1.370200 ms (FindLiveObjects: 0.147700 ms CreateObjectMapping: 0.027900 ms MarkObjects: 1.182600 ms  DeleteObjects: 0.011400 ms)

========================================================================
Received Prepare
Registering precompiled user dll's ...
Registered in 0.000452 seconds.
Begin MonoManager ReloadAssembly
Native extension for WindowsStandalone target not found
Refreshing native plugins compatible for Editor in 0.24 ms, found 0 plugins.
Preloading 0 native plugins for Editor in 0.00 ms.
Invoked RoslynAnalysisRunner static constructor.
RoslynAnalysisRunner will not be running.
RoslynAnalysisRunner has terminated.
Mono: successfully reloaded assembly
- Completed reload, in  0.615 seconds
Platform modules already initialized, skipping
Refreshing native plugins compatible for Editor in 0.29 ms, found 0 plugins.
Preloading 0 native plugins for Editor in 0.00 ms.
Unloading 1382 Unused Serialized files (Serialized files now loaded: 0)
System memory in use before: 76.9 MB.
System memory in use after: 77.1 MB.

Unloading 4 unused Assets to reduce memory usage. Loaded Objects now: 1901.
Total: 1.440100 ms (FindLiveObjects: 0.169500 ms CreateObjectMapping: 0.028800 ms MarkObjects: 1.209800 ms  DeleteObjects: 0.010500 ms)

========================================================================
Received Prepare
Registering precompiled user dll's ...
Registered in 0.000422 seconds.
Begin MonoManager ReloadAssembly
Native extension for WindowsStandalone target not found
Refreshing native plugins compatible for Editor in 0.23 ms, found 0 plugins.
Preloading 0 native plugins for Editor in 0.00 ms.
Invoked RoslynAnalysisRunner static constructor.
RoslynAnalysisRunner will not be running.
RoslynAnalysisRunner has terminated.
Mono: successfully reloaded assembly
- Completed reload, in  0.587 seconds
Platform modules already initialized, skipping
Refreshing native plugins compatible for Editor in 0.25 ms, found 0 plugins.
Preloading 0 native plugins for Editor in 0.00 ms.
Unloading 1382 Unused Serialized files (Serialized files now loaded: 0)
System memory in use before: 76.4 MB.
System memory in use after: 76.5 MB.

Unloading 4 unused Assets to reduce memory usage. Loaded Objects now: 1903.
Total: 1.448700 ms (FindLiveObjects: 0.168200 ms CreateObjectMapping: 0.029800 ms MarkObjects: 1.239400 ms  DeleteObjects: 0.010400 ms)

========================================================================
Received Prepare
Registering precompiled user dll's ...
Registered in 0.000473 seconds.
Begin MonoManager ReloadAssembly
Native extension for WindowsStandalone target not found
Refreshing native plugins compatible for Editor in 0.23 ms, found 0 plugins.
Preloading 0 native plugins for Editor in 0.00 ms.
Invoked RoslynAnalysisRunner static constructor.
RoslynAnalysisRunner will not be running.
RoslynAnalysisRunner has terminated.
Mono: successfully reloaded assembly
- Completed reload, in  0.589 seconds
Platform modules already initialized, skipping
Refreshing native plugins compatible for Editor in 0.23 ms, found 0 plugins.
Preloading 0 native plugins for Editor in 0.00 ms.
Unloading 1382 Unused Serialized files (Serialized files now loaded: 0)
System memory in use before: 76.7 MB.
System memory in use after: 76.8 MB.

Unloading 4 unused Assets to reduce memory usage. Loaded Objects now: 1905.
Total: 1.656200 ms (FindLiveObjects: 0.151900 ms CreateObjectMapping: 0.028200 ms MarkObjects: 1.462500 ms  DeleteObjects: 0.012300 ms)

========================================================================
Received Prepare
Registering precompiled user dll's ...
Registered in 0.000471 seconds.
Begin MonoManager ReloadAssembly
Native extension for WindowsStandalone target not found
Refreshing native plugins compatible for Editor in 0.25 ms, found 0 plugins.
Preloading 0 native plugins for Editor in 0.00 ms.
Invoked RoslynAnalysisRunner static constructor.
RoslynAnalysisRunner will not be running.
RoslynAnalysisRunner has terminated.
Mono: successfully reloaded assembly
- Completed reload, in  0.618 seconds
Platform modules already initialized, skipping
Refreshing native plugins compatible for Editor in 0.25 ms, found 0 plugins.
Preloading 0 native plugins for Editor in 0.00 ms.
Unloading 1382 Unused Serialized files (Serialized files now loaded: 0)
System memory in use before: 77.0 MB.
System memory in use after: 77.1 MB.

Unloading 4 unused Assets to reduce memory usage. Loaded Objects now: 1907.
Total: 1.497700 ms (FindLiveObjects: 0.158000 ms CreateObjectMapping: 0.028500 ms MarkObjects: 1.299800 ms  DeleteObjects: 0.010600 ms)

========================================================================
Received Prepare
Registering precompiled user dll's ...
Registered in 0.000447 seconds.
Begin MonoManager ReloadAssembly
Native extension for WindowsStandalone target not found
Refreshing native plugins compatible for Editor in 0.25 ms, found 0 plugins.
Preloading 0 native plugins for Editor in 0.00 ms.
Invoked RoslynAnalysisRunner static constructor.
RoslynAnalysisRunner will not be running.
RoslynAnalysisRunner has terminated.
Mono: successfully reloaded assembly
- Completed reload, in  0.619 seconds
Platform modules already initialized, skipping
Refreshing native plugins compatible for Editor in 0.24 ms, found 0 plugins.
Preloading 0 native plugins for Editor in 0.00 ms.
Unloading 1382 Unused Serialized files (Serialized files now loaded: 0)
System memory in use before: 76.3 MB.
System memory in use after: 76.4 MB.

Unloading 4 unused Assets to reduce memory usage. Loaded Objects now: 1909.
Total: 1.421800 ms (FindLiveObjects: 0.168000 ms CreateObjectMapping: 0.029100 ms MarkObjects: 1.208400 ms  DeleteObjects: 0.015300 ms)

========================================================================
Received Import Request.
  Time since last request: 1143.909168 seconds.
  path: Assets/Prefabs/Building_HouseMed.prefab
  artifactKey: Guid(96ad136c90a4c324dabf1615330d4e10) Importer(815301076,1909f56bfc062723c751e8b465ee728b)
Start importing Assets/Prefabs/Building_HouseMed.prefab using Guid(96ad136c90a4c324dabf1615330d4e10) Importer(815301076,1909f56bfc062723c751e8b465ee728b)  -> (artifact id: 'f700e4462723b0cabf41b0654aad03ac') in 0.046188 seconds
  Import took 0.048650 seconds .

========================================================================
Received Import Request.
  Time since last request: 0.294410 seconds.
  path: Assets/Prefabs/Building_House.prefab
  artifactKey: Guid(ddbfc78d5b9bfbf419c65763e029ab0e) Importer(815301076,1909f56bfc062723c751e8b465ee728b)
Start importing Assets/Prefabs/Building_House.prefab using Guid(ddbfc78d5b9bfbf419c65763e029ab0e) Importer(815301076,1909f56bfc062723c751e8b465ee728b)  -> (artifact id: '1adecbd01b2341dc7f41fc0e9564a9c6') in 0.013320 seconds
  Import took 0.015550 seconds .

========================================================================
Received Import Request.
  Time since last request: 7.264393 seconds.
  path: Assets/European Buildings/FBX
  artifactKey: Guid(1c5fb1f8932ee9848ac4d376ad97b3a3) Importer(815301076,1909f56bfc062723c751e8b465ee728b)
Start importing Assets/European Buildings/FBX using Guid(1c5fb1f8932ee9848ac4d376ad97b3a3) Importer(815301076,1909f56bfc062723c751e8b465ee728b)  -> (artifact id: 'f9bcababddd5a77e4c2fc837e9ae029b') in 0.005106 seconds
  Import took 0.007156 seconds .

========================================================================
Received Import Request.
  Time since last request: 0.000937 seconds.
  path: Assets/European Buildings/FBX
  artifactKey: Guid(1c5fb1f8932ee9848ac4d376ad97b3a3) Importer(815301076,1909f56bfc062723c751e8b465ee728b)
Start importing Assets/European Buildings/FBX using Guid(1c5fb1f8932ee9848ac4d376ad97b3a3) Importer(815301076,1909f56bfc062723c751e8b465ee728b)  -> (artifact id: 'f9bcababddd5a77e4c2fc837e9ae029b') in 0.001257 seconds
  Import took 0.003095 seconds .

========================================================================
Received Import Request.
  Time since last request: 3.163299 seconds.
  path: Assets/European Buildings/FBX/building_1.fbx
  artifactKey: Guid(bbf8284e783b22c44acad8eef2458f8d) Importer(815301076,1909f56bfc062723c751e8b465ee728b)
Start importing Assets/European Buildings/FBX/building_1.fbx using Guid(bbf8284e783b22c44acad8eef2458f8d) Importer(815301076,1909f56bfc062723c751e8b465ee728b)  -> (artifact id: 'edb6990befec9539c0267afe372fc0bd') in 0.028443 seconds
  Import took 0.030668 seconds .

========================================================================
Received Import Request.
  Time since last request: 0.807051 seconds.
  path: Assets/European Buildings/FBX/building_2.fbx
  artifactKey: Guid(3be7f824c95b00b43a3316d6c9c85f45) Importer(815301076,1909f56bfc062723c751e8b465ee728b)
Start importing Assets/European Buildings/FBX/building_2.fbx using Guid(3be7f824c95b00b43a3316d6c9c85f45) Importer(815301076,1909f56bfc062723c751e8b465ee728b)  -> (artifact id: '67e78e4a7d619ffdecba6a9d44b4c5f0') in 0.019216 seconds
  Import took 0.021579 seconds .

========================================================================
Received Import Request.
  Time since last request: 2.397093 seconds.
  path: Assets/European Buildings/FBX/building_4.fbx
  artifactKey: Guid(315e3a6a0f3a5cd40a796b1e64803e7c) Importer(815301076,1909f56bfc062723c751e8b465ee728b)
Start importing Assets/European Buildings/FBX/building_4.fbx using Guid(315e3a6a0f3a5cd40a796b1e64803e7c) Importer(815301076,1909f56bfc062723c751e8b465ee728b)  -> (artifact id: 'e55ffc56b14433f78febd44822fb9b15') in 0.017470 seconds
  Import took 0.019717 seconds .

========================================================================
Received Import Request.
  Time since last request: 0.494061 seconds.
  path: Assets/European Buildings/FBX/building_3.fbx
  artifactKey: Guid(4745f1ac0883e6048bc0591f23f74a1d) Importer(815301076,1909f56bfc062723c751e8b465ee728b)
Start importing Assets/European Buildings/FBX/building_3.fbx using Guid(4745f1ac0883e6048bc0591f23f74a1d) Importer(815301076,1909f56bfc062723c751e8b465ee728b)  -> (artifact id: '4c4e20070934d48e474ae6babe62f3e6') in 0.014810 seconds
  Import took 0.017094 seconds .

========================================================================
Received Import Request.
  Time since last request: 0.390427 seconds.
  path: Assets/European Buildings/FBX/building_5.fbx
  artifactKey: Guid(5ceb1c271ea02cd44a78e1a2afda13b9) Importer(815301076,1909f56bfc062723c751e8b465ee728b)
Start importing Assets/European Buildings/FBX/building_5.fbx using Guid(5ceb1c271ea02cd44a78e1a2afda13b9) Importer(815301076,1909f56bfc062723c751e8b465ee728b)  -> (artifact id: '9894e8045309bc9d6b55a83542c91079') in 0.017211 seconds
  Import took 0.019400 seconds .

========================================================================
Received Import Request.
  Time since last request: 0.601650 seconds.
  path: Assets/European Buildings/FBX/building_8.fbx
  artifactKey: Guid(37026fea9c0f20048bea5700b6d4b897) Importer(815301076,1909f56bfc062723c751e8b465ee728b)
Start importing Assets/European Buildings/FBX/building_8.fbx using Guid(37026fea9c0f20048bea5700b6d4b897) Importer(815301076,1909f56bfc062723c751e8b465ee728b)  -> (artifact id: '31d54ecc5e5556a5d6a202c3059a059f') in 0.017065 seconds
  Import took 0.019529 seconds .

========================================================================
Received Import Request.
  Time since last request: 0.751173 seconds.
  path: Assets/European Buildings/FBX/building_7.fbx
  artifactKey: Guid(6d75e2d5936dd69428c33f6dc7f1f195) Importer(815301076,1909f56bfc062723c751e8b465ee728b)
Start importing Assets/European Buildings/FBX/building_7.fbx using Guid(6d75e2d5936dd69428c33f6dc7f1f195) Importer(815301076,1909f56bfc062723c751e8b465ee728b)  -> (artifact id: 'b20c6e573653d264dc09476fcba33264') in 0.017159 seconds
  Import took 0.019467 seconds .

========================================================================
Received Import Request.
  Time since last request: 0.399655 seconds.
  path: Assets/European Buildings/FBX/building_6.fbx
  artifactKey: Guid(fe96651be7d34ed4584e141673fcb71b) Importer(815301076,1909f56bfc062723c751e8b465ee728b)
Start importing Assets/European Buildings/FBX/building_6.fbx using Guid(fe96651be7d34ed4584e141673fcb71b) Importer(815301076,1909f56bfc062723c751e8b465ee728b)  -> (artifact id: '4611df19eafbac4a2e9d62811b8ce751') in 0.017162 seconds
  Import took 0.019403 seconds .

========================================================================
Received Prepare
Registering precompiled user dll's ...
Registered in 0.000445 seconds.
Begin MonoManager ReloadAssembly
Native extension for WindowsStandalone target not found
Refreshing native plugins compatible for Editor in 0.25 ms, found 0 plugins.
Preloading 0 native plugins for Editor in 0.00 ms.
Invoked RoslynAnalysisRunner static constructor.
RoslynAnalysisRunner will not be running.
RoslynAnalysisRunner has terminated.
Mono: successfully reloaded assembly
- Completed reload, in  0.581 seconds
Platform modules already initialized, skipping
Refreshing native plugins compatible for Editor in 0.24 ms, found 0 plugins.
Preloading 0 native plugins for Editor in 0.00 ms.
Unloading 1382 Unused Serialized files (Serialized files now loaded: 0)
System memory in use before: 76.7 MB.
System memory in use after: 76.8 MB.

Unloading 4 unused Assets to reduce memory usage. Loaded Objects now: 1912.
Total: 1.374900 ms (FindLiveObjects: 0.156700 ms CreateObjectMapping: 0.032900 ms MarkObjects: 1.174100 ms  DeleteObjects: 0.010400 ms)

========================================================================
Received Prepare
Registering precompiled user dll's ...
Registered in 0.000466 seconds.
Begin MonoManager ReloadAssembly
Native extension for WindowsStandalone target not found
Refreshing native plugins compatible for Editor in 0.25 ms, found 0 plugins.
Preloading 0 native plugins for Editor in 0.00 ms.
Invoked RoslynAnalysisRunner static constructor.
RoslynAnalysisRunner will not be running.
RoslynAnalysisRunner has terminated.
Mono: successfully reloaded assembly
- Completed reload, in  0.618 seconds
Platform modules already initialized, skipping
Refreshing native plugins compatible for Editor in 0.26 ms, found 0 plugins.
Preloading 0 native plugins for Editor in 0.00 ms.
Unloading 1382 Unused Serialized files (Serialized files now loaded: 0)
System memory in use before: 77.0 MB.
System memory in use after: 77.1 MB.

Unloading 4 unused Assets to reduce memory usage. Loaded Objects now: 1914.
Total: 1.622200 ms (FindLiveObjects: 0.166900 ms CreateObjectMapping: 0.028100 ms MarkObjects: 1.415800 ms  DeleteObjects: 0.010700 ms)

========================================================================
Received Prepare
Registering precompiled user dll's ...
Registered in 0.000390 seconds.
Begin MonoManager ReloadAssembly
Native extension for WindowsStandalone target not found
Refreshing native plugins compatible for Editor in 0.25 ms, found 0 plugins.
Preloading 0 native plugins for Editor in 0.00 ms.
Invoked RoslynAnalysisRunner static constructor.
RoslynAnalysisRunner will not be running.
RoslynAnalysisRunner has terminated.
Mono: successfully reloaded assembly
- Completed reload, in  0.599 seconds
Platform modules already initialized, skipping
Refreshing native plugins compatible for Editor in 0.28 ms, found 0 plugins.
Preloading 0 native plugins for Editor in 0.00 ms.
Unloading 1382 Unused Serialized files (Serialized files now loaded: 0)
System memory in use before: 77.0 MB.
System memory in use after: 77.2 MB.

Unloading 4 unused Assets to reduce memory usage. Loaded Objects now: 1916.
Total: 1.523900 ms (FindLiveObjects: 0.158400 ms CreateObjectMapping: 0.030000 ms MarkObjects: 1.320700 ms  DeleteObjects: 0.013800 ms)

========================================================================
Received Import Request.
  Time since last request: 111.867049 seconds.
  path: Assets/Day-Night Skyboxes/Textures
  artifactKey: Guid(801a756fb0a0fbc48a103f4da8970ced) Importer(815301076,1909f56bfc062723c751e8b465ee728b)
Start importing Assets/Day-Night Skyboxes/Textures using Guid(801a756fb0a0fbc48a103f4da8970ced) Importer(815301076,1909f56bfc062723c751e8b465ee728b)  -> (artifact id: '1ac8029f58cd3d8d8449c3cb10f5e048') in 0.006515 seconds
  Import took 0.008710 seconds .

========================================================================
Received Import Request.
  Time since last request: 5.204338 seconds.
  path: Assets/Day-Night Skyboxes/Materials
  artifactKey: Guid(2a9cd55a2fefee64db9897dece269101) Importer(815301076,1909f56bfc062723c751e8b465ee728b)
Start importing Assets/Day-Night Skyboxes/Materials using Guid(2a9cd55a2fefee64db9897dece269101) Importer(815301076,1909f56bfc062723c751e8b465ee728b)  -> (artifact id: '1ca61b918b91f8cbdba0518acea0144b') in 0.004757 seconds
  Import took 0.006859 seconds .

========================================================================
Received Import Request.
  Time since last request: 0.000353 seconds.
  path: Assets/Day-Night Skyboxes/Materials
  artifactKey: Guid(2a9cd55a2fefee64db9897dece269101) Importer(815301076,1909f56bfc062723c751e8b465ee728b)
Start importing Assets/Day-Night Skyboxes/Materials using Guid(2a9cd55a2fefee64db9897dece269101) Importer(815301076,1909f56bfc062723c751e8b465ee728b)  -> (artifact id: '1ca61b918b91f8cbdba0518acea0144b') in 0.001401 seconds
  Import took 0.003116 seconds .

========================================================================
Received Import Request.
  Time since last request: 71.650060 seconds.
  path: Assets/Building Presets/House_Med.asset
  artifactKey: Guid(926b0e85a6dbcd34694e66572fd8e87c) Importer(815301076,1909f56bfc062723c751e8b465ee728b)
Start importing Assets/Building Presets/House_Med.asset using Guid(926b0e85a6dbcd34694e66572fd8e87c) Importer(815301076,1909f56bfc062723c751e8b465ee728b)  -> (artifact id: '8416d709c75c8535c4def741fa30f04e') in 0.011029 seconds
  Import took 0.013239 seconds .

========================================================================
Received Prepare
Registering precompiled user dll's ...
Registered in 0.000463 seconds.
Begin MonoManager ReloadAssembly
Native extension for WindowsStandalone target not found
Refreshing native plugins compatible for Editor in 0.24 ms, found 0 plugins.
Preloading 0 native plugins for Editor in 0.00 ms.
Invoked RoslynAnalysisRunner static constructor.
RoslynAnalysisRunner will not be running.
RoslynAnalysisRunner has terminated.
Mono: successfully reloaded assembly
- Completed reload, in  0.617 seconds
Platform modules already initialized, skipping
Refreshing native plugins compatible for Editor in 0.26 ms, found 0 plugins.
Preloading 0 native plugins for Editor in 0.00 ms.
Unloading 1382 Unused Serialized files (Serialized files now loaded: 0)
System memory in use before: 76.6 MB.
System memory in use after: 76.7 MB.

Unloading 4 unused Assets to reduce memory usage. Loaded Objects now: 1918.
Total: 1.652700 ms (FindLiveObjects: 0.157400 ms CreateObjectMapping: 0.029400 ms MarkObjects: 1.450500 ms  DeleteObjects: 0.014100 ms)

========================================================================
Received Prepare
Registering precompiled user dll's ...
Registered in 0.000577 seconds.
Begin MonoManager ReloadAssembly
Native extension for WindowsStandalone target not found
Refreshing native plugins compatible for Editor in 0.29 ms, found 0 plugins.
Preloading 0 native plugins for Editor in 0.00 ms.
Invoked RoslynAnalysisRunner static constructor.
RoslynAnalysisRunner will not be running.
RoslynAnalysisRunner has terminated.
Mono: successfully reloaded assembly
- Completed reload, in  0.610 seconds
Platform modules already initialized, skipping
Refreshing native plugins compatible for Editor in 0.25 ms, found 0 plugins.
Preloading 0 native plugins for Editor in 0.00 ms.
Unloading 1382 Unused Serialized files (Serialized files now loaded: 0)
System memory in use before: 76.9 MB.
System memory in use after: 77.0 MB.

Unloading 4 unused Assets to reduce memory usage. Loaded Objects now: 1920.
Total: 1.508600 ms (FindLiveObjects: 0.166500 ms CreateObjectMapping: 0.027900 ms MarkObjects: 1.299400 ms  DeleteObjects: 0.013700 ms)

========================================================================
Received Import Request.
  Time since last request: 507.718413 seconds.
  path: Assets/Icons/download.png
  artifactKey: Guid(0b53e2009af78f3478e53cbf19ee7c8f) Importer(815301076,1909f56bfc062723c751e8b465ee728b)
Start importing Assets/Icons/download.png using Guid(0b53e2009af78f3478e53cbf19ee7c8f) Importer(815301076,1909f56bfc062723c751e8b465ee728b)  -> (artifact id: '458715fac9a0fc607e2659f8d2a559c4') in 0.031265 seconds
  Import took 0.033874 seconds .

========================================================================
Received Import Request.
  Time since last request: 0.002622 seconds.
  path: Assets/Icons/download.png
  artifactKey: Guid(0b53e2009af78f3478e53cbf19ee7c8f) Importer(815301076,1909f56bfc062723c751e8b465ee728b)
Start importing Assets/Icons/download.png using Guid(0b53e2009af78f3478e53cbf19ee7c8f) Importer(815301076,1909f56bfc062723c751e8b465ee728b)  -> (artifact id: '458715fac9a0fc607e2659f8d2a559c4') in 0.004276 seconds
  Import took 0.006411 seconds .

========================================================================
Received Import Request.
  Time since last request: 106.527745 seconds.
  path: Assets/Icons/download.png
  artifactKey: Guid(43d0fce83e6d9a542a5fba388ed185e0) Importer(815301076,1909f56bfc062723c751e8b465ee728b)
Start importing Assets/Icons/download.png using Guid(43d0fce83e6d9a542a5fba388ed185e0) Importer(815301076,1909f56bfc062723c751e8b465ee728b)  -> (artifact id: 'b4e75804a0f0f758a893f4515151d62b') in 0.023106 seconds
  Import took 0.025259 seconds .

========================================================================
Received Import Request.
  Time since last request: 13.591003 seconds.
  path: Assets/Icons/House_Building.png
  artifactKey: Guid(43d0fce83e6d9a542a5fba388ed185e0) Importer(815301076,1909f56bfc062723c751e8b465ee728b)
Start importing Assets/Icons/House_Building.png using Guid(43d0fce83e6d9a542a5fba388ed185e0) Importer(815301076,1909f56bfc062723c751e8b465ee728b)  -> (artifact id: 'a2e61ea84a09387f3ee0becb91c86ebb') in 0.012665 seconds
  Import took 0.014787 seconds .

========================================================================
Received Import Request.
  Time since last request: 119.441188 seconds.
  path: Assets/Icons/download.png
  artifactKey: Guid(4dd3005bb7b65af40830f1eaeddf07e6) Importer(815301076,1909f56bfc062723c751e8b465ee728b)
Start importing Assets/Icons/download.png using Guid(4dd3005bb7b65af40830f1eaeddf07e6) Importer(815301076,1909f56bfc062723c751e8b465ee728b)  -> (artifact id: '4fc19ec2f5cd4de925ca3750504ed5bd') in 0.009080 seconds
  Import took 0.011202 seconds .

========================================================================
Received Import Request.
  Time since last request: 0.001115 seconds.
  path: Assets/Icons/download.png
  artifactKey: Guid(4dd3005bb7b65af40830f1eaeddf07e6) Importer(815301076,1909f56bfc062723c751e8b465ee728b)
Start importing Assets/Icons/download.png using Guid(4dd3005bb7b65af40830f1eaeddf07e6) Importer(815301076,1909f56bfc062723c751e8b465ee728b)  -> (artifact id: '4fc19ec2f5cd4de925ca3750504ed5bd') in 0.008824 seconds
  Import took 0.010883 seconds .

========================================================================
Received Import Request.
  Time since last request: 6.885423 seconds.
  path: Assets/Icons/House_Icon.png
  artifactKey: Guid(4dd3005bb7b65af40830f1eaeddf07e6) Importer(815301076,1909f56bfc062723c751e8b465ee728b)
Start importing Assets/Icons/House_Icon.png using Guid(4dd3005bb7b65af40830f1eaeddf07e6) Importer(815301076,1909f56bfc062723c751e8b465ee728b)  -> (artifact id: '5d84eb666337223bcbb572f4aed682af') in 0.011152 seconds
  Import took 0.013323 seconds .

========================================================================
Received Import Request.
  Time since last request: 90.679397 seconds.
  path: Assets/Icons/1099px-Factory_icon.svg.png
  artifactKey: Guid(bef903793a245e04b8e5742c2cecdef2) Importer(815301076,1909f56bfc062723c751e8b465ee728b)
Start importing Assets/Icons/1099px-Factory_icon.svg.png using Guid(bef903793a245e04b8e5742c2cecdef2) Importer(815301076,1909f56bfc062723c751e8b465ee728b)  -> (artifact id: 'b54edd28119a0001f61c597685821d70') in 0.014483 seconds
  Import took 0.016794 seconds .

========================================================================
Received Import Request.
  Time since last request: 0.002256 seconds.
  path: Assets/Icons/1099px-Factory_icon.svg.png
  artifactKey: Guid(bef903793a245e04b8e5742c2cecdef2) Importer(815301076,1909f56bfc062723c751e8b465ee728b)
Start importing Assets/Icons/1099px-Factory_icon.svg.png using Guid(bef903793a245e04b8e5742c2cecdef2) Importer(815301076,1909f56bfc062723c751e8b465ee728b)  -> (artifact id: 'b54edd28119a0001f61c597685821d70') in 0.008011 seconds
  Import took 0.010051 seconds .

========================================================================
Received Import Request.
  Time since last request: 6.092114 seconds.
  path: Assets/Icons/Factory_Icon.png
  artifactKey: Guid(bef903793a245e04b8e5742c2cecdef2) Importer(815301076,1909f56bfc062723c751e8b465ee728b)
Start importing Assets/Icons/Factory_Icon.png using Guid(bef903793a245e04b8e5742c2cecdef2) Importer(815301076,1909f56bfc062723c751e8b465ee728b)  -> (artifact id: '431829f01b7018307d14e003f6ea9cba') in 0.010489 seconds
  Import took 0.012662 seconds .

========================================================================
Received Prepare
Registering precompiled user dll's ...
Registered in 0.000391 seconds.
Begin MonoManager ReloadAssembly
Native extension for WindowsStandalone target not found
Refreshing native plugins compatible for Editor in 0.25 ms, found 0 plugins.
Preloading 0 native plugins for Editor in 0.00 ms.
Invoked RoslynAnalysisRunner static constructor.
RoslynAnalysisRunner will not be running.
RoslynAnalysisRunner has terminated.
Mono: successfully reloaded assembly
- Completed reload, in  0.598 seconds
Platform modules already initialized, skipping
Refreshing native plugins compatible for Editor in 0.24 ms, found 0 plugins.
Preloading 0 native plugins for Editor in 0.00 ms.
Unloading 1382 Unused Serialized files (Serialized files now loaded: 0)
System memory in use before: 77.1 MB.
System memory in use after: 77.2 MB.

Unloading 4 unused Assets to reduce memory usage. Loaded Objects now: 1927.
Total: 1.390000 ms (FindLiveObjects: 0.150600 ms CreateObjectMapping: 0.028100 ms MarkObjects: 1.199300 ms  DeleteObjects: 0.011300 ms)

========================================================================
Received Import Request.
  Time since last request: 181.417996 seconds.
  path: Assets/Icons/25362-200.png
  artifactKey: Guid(8b1db97a7cea61740a3738391ad4faa0) Importer(815301076,1909f56bfc062723c751e8b465ee728b)
Start importing Assets/Icons/25362-200.png using Guid(8b1db97a7cea61740a3738391ad4faa0) Importer(815301076,1909f56bfc062723c751e8b465ee728b)  -> (artifact id: '23028cbb66e34c09f37b547caf01ff03') in 0.043672 seconds
  Import took 0.045898 seconds .

========================================================================
Received Import Request.
  Time since last request: 0.000749 seconds.
  path: Assets/Icons/25362-200.png
  artifactKey: Guid(8b1db97a7cea61740a3738391ad4faa0) Importer(815301076,1909f56bfc062723c751e8b465ee728b)
Start importing Assets/Icons/25362-200.png using Guid(8b1db97a7cea61740a3738391ad4faa0) Importer(815301076,1909f56bfc062723c751e8b465ee728b)  -> (artifact id: '23028cbb66e34c09f37b547caf01ff03') in 0.009896 seconds
  Import took 0.011995 seconds .

========================================================================
Received Import Request.
  Time since last request: 12.871023 seconds.
  path: Assets/Icons/Farm_Icon.png
  artifactKey: Guid(8b1db97a7cea61740a3738391ad4faa0) Importer(815301076,1909f56bfc062723c751e8b465ee728b)
Start importing Assets/Icons/Farm_Icon.png using Guid(8b1db97a7cea61740a3738391ad4faa0) Importer(815301076,1909f56bfc062723c751e8b465ee728b)  -> (artifact id: '3b532e793cf76b11d52f7f01edf85ae5') in 0.011548 seconds
  Import took 0.013724 seconds .

========================================================================
Received Prepare
Registering precompiled user dll's ...
Registered in 0.000505 seconds.
Begin MonoManager ReloadAssembly
Native extension for WindowsStandalone target not found
Refreshing native plugins compatible for Editor in 0.25 ms, found 0 plugins.
Preloading 0 native plugins for Editor in 0.00 ms.
Invoked RoslynAnalysisRunner static constructor.
RoslynAnalysisRunner will not be running.
RoslynAnalysisRunner has terminated.
Mono: successfully reloaded assembly
- Completed reload, in  0.605 seconds
Platform modules already initialized, skipping
Refreshing native plugins compatible for Editor in 0.25 ms, found 0 plugins.
Preloading 0 native plugins for Editor in 0.00 ms.
Unloading 1382 Unused Serialized files (Serialized files now loaded: 0)
System memory in use before: 76.6 MB.
System memory in use after: 76.7 MB.

Unloading 4 unused Assets to reduce memory usage. Loaded Objects now: 1930.
Total: 1.517800 ms (FindLiveObjects: 0.152200 ms CreateObjectMapping: 0.028600 ms MarkObjects: 1.325900 ms  DeleteObjects: 0.010200 ms)

========================================================================
Received Prepare
Registering precompiled user dll's ...
Registered in 0.000403 seconds.
Begin MonoManager ReloadAssembly
Native extension for WindowsStandalone target not found
Refreshing native plugins compatible for Editor in 0.28 ms, found 0 plugins.
Preloading 0 native plugins for Editor in 0.00 ms.
Invoked RoslynAnalysisRunner static constructor.
RoslynAnalysisRunner will not be running.
RoslynAnalysisRunner has terminated.
Mono: successfully reloaded assembly
- Completed reload, in  0.603 seconds
Platform modules already initialized, skipping
Refreshing native plugins compatible for Editor in 0.29 ms, found 0 plugins.
Preloading 0 native plugins for Editor in 0.00 ms.
Unloading 1382 Unused Serialized files (Serialized files now loaded: 0)
System memory in use before: 76.9 MB.
System memory in use after: 77.0 MB.

Unloading 4 unused Assets to reduce memory usage. Loaded Objects now: 1932.
Total: 1.629800 ms (FindLiveObjects: 0.169400 ms CreateObjectMapping: 0.029000 ms MarkObjects: 1.415700 ms  DeleteObjects: 0.014000 ms)

========================================================================
Received Prepare
Registering precompiled user dll's ...
Registered in 0.000707 seconds.
Begin MonoManager ReloadAssembly
Native extension for WindowsStandalone target not found
Refreshing native plugins compatible for Editor in 0.26 ms, found 0 plugins.
Preloading 0 native plugins for Editor in 0.00 ms.
Invoked RoslynAnalysisRunner static constructor.
RoslynAnalysisRunner will not be running.
RoslynAnalysisRunner has terminated.
Mono: successfully reloaded assembly
- Completed reload, in  0.675 seconds
Platform modules already initialized, skipping
Refreshing native plugins compatible for Editor in 0.29 ms, found 0 plugins.
Preloading 0 native plugins for Editor in 0.00 ms.
Unloading 1382 Unused Serialized files (Serialized files now loaded: 0)
System memory in use before: 77.1 MB.
System memory in use after: 77.2 MB.

Unloading 4 unused Assets to reduce memory usage. Loaded Objects now: 1934.
Total: 1.676800 ms (FindLiveObjects: 0.180700 ms CreateObjectMapping: 0.030300 ms MarkObjects: 1.451000 ms  DeleteObjects: 0.013600 ms)

========================================================================
Received Prepare
Registering precompiled user dll's ...
Registered in 0.000410 seconds.
Begin MonoManager ReloadAssembly
Native extension for WindowsStandalone target not found
Refreshing native plugins compatible for Editor in 0.25 ms, found 0 plugins.
Preloading 0 native plugins for Editor in 0.00 ms.
Invoked RoslynAnalysisRunner static constructor.
RoslynAnalysisRunner will not be running.
RoslynAnalysisRunner has terminated.
Mono: successfully reloaded assembly
- Completed reload, in  0.581 seconds
Platform modules already initialized, skipping
Refreshing native plugins compatible for Editor in 0.24 ms, found 0 plugins.
Preloading 0 native plugins for Editor in 0.00 ms.
Unloading 1382 Unused Serialized files (Serialized files now loaded: 0)
System memory in use before: 76.5 MB.
System memory in use after: 76.6 MB.

Unloading 4 unused Assets to reduce memory usage. Loaded Objects now: 1936.
Total: 1.708800 ms (FindLiveObjects: 0.164600 ms CreateObjectMapping: 0.031600 ms MarkObjects: 1.499000 ms  DeleteObjects: 0.012300 ms)

AssetImportWorkerClient::OnTransportError - code=2 error=End of file
